This is pdfTeX, Version 3.141592653-2.6-1.40.24 (MiKTeX 23.1) (preloaded format=pdflatex 2026.3.23)  23 MAR 2026 02:15
entering extended mode
 restricted \write18 enabled.
 file:line:error style messages enabled.
 %&-line parsing enabled.
**c:/Users/urosm/OneDrive/Desktop/portfolio-optimization/main.tex
(c:/Users/urosm/OneDrive/Desktop/portfolio-optimization/main.tex
LaTeX2e <2022-11-01> patch level 1
L3 programming layer <2023-03-30> (C:\Users\urosm\AppData\Local\Programs\MiKTeX\tex/latex/jmlr\jmlr.cls
Document Class: jmlr 2022/02/09 v1.30 (NLCT) Journal of Machine Learning Research
(C:\Users\urosm\AppData\Local\Programs\MiKTeX\tex/latex/xkeyval\xkeyval.sty
Package: xkeyval 2022/06/16 v2.9 package option processing (HA)
 (C:\Users\urosm\AppData\Local\Programs\MiKTeX\tex/generic/xkeyval\xkeyval.tex (C:\Users\urosm\AppData\Local\Programs\MiKTeX\tex/generic/xkeyval\xkvutils.tex
\XKV@toks=\toks16
\XKV@tempa@toks=\toks17
 (C:\Users\urosm\AppData\Local\Programs\MiKTeX\tex/generic/xkeyval\keyval.tex))
\XKV@depth=\count185
File: xkeyval.tex 2014/12/03 v2.7a key=value parser (HA)
)) (C:\Users\urosm\AppData\Local\Programs\MiKTeX\tex/latex/tools\calc.sty
Package: calc 2017/05/25 v4.3 Infix arithmetic (KKT,FJ)
\calc@Acount=\count186
\calc@Bcount=\count187
\calc@Adimen=\dimen140
\calc@Bdimen=\dimen141
\calc@Askip=\skip48
\calc@Bskip=\skip49
LaTeX Info: Redefining \setlength on input line 80.
LaTeX Info: Redefining \addtolength on input line 81.
\calc@Ccount=\count188
\calc@Cskip=\skip50
) (C:\Users\urosm\AppData\Local\Programs\MiKTeX\tex/latex/etoolbox\etoolbox.sty
Package: etoolbox 2020/10/05 v2.5k e-TeX tools for LaTeX (JAW)
\etb@tempcnta=\count189
) (C:\Users\urosm\AppData\Local\Programs\MiKTeX\tex/latex/base\article.cls
Document Class: article 2022/07/02 v1.4n Standard LaTeX document class
(C:\Users\urosm\AppData\Local\Programs\MiKTeX\tex/latex/base\size11.clo
File: size11.clo 2022/07/02 v1.4n Standard LaTeX file (size option)
)
\c@part=\count190
\c@section=\count191
\c@subsection=\count192
\c@subsubsection=\count193
\c@paragraph=\count194
\c@subparagraph=\count195
\c@figure=\count196
\c@table=\count197
\abovecaptionskip=\skip51
\belowcaptionskip=\skip52
\bibindent=\dimen142
) (C:\Users\urosm\AppData\Local\Programs\MiKTeX\tex/latex/placeins\placeins.sty
Package: placeins 2005/04/18  v 2.2
) (C:\Users\urosm\AppData\Local\Programs\MiKTeX\tex/latex/amsmath\amsmath.sty
Package: amsmath 2022/04/08 v2.17n AMS math features
\@mathmargin=\skip53

For additional information on amsmath, use the `?' option.
(C:\Users\urosm\AppData\Local\Programs\MiKTeX\tex/latex/amsmath\amstext.sty
Package: amstext 2021/08/26 v2.01 AMS text
 (C:\Users\urosm\AppData\Local\Programs\MiKTeX\tex/latex/amsmath\amsgen.sty
File: amsgen.sty 1999/11/30 v2.0 generic functions
\@emptytoks=\toks18
\ex@=\dimen143
)) (C:\Users\urosm\AppData\Local\Programs\MiKTeX\tex/latex/amsmath\amsbsy.sty
Package: amsbsy 1999/11/29 v1.2d Bold Symbols
\pmbraise@=\dimen144
) (C:\Users\urosm\AppData\Local\Programs\MiKTeX\tex/latex/amsmath\amsopn.sty
Package: amsopn 2022/04/08 v2.04 operator names
)
\inf@bad=\count198
LaTeX Info: Redefining \frac on input line 234.
\uproot@=\count199
\leftroot@=\count266
LaTeX Info: Redefining \overline on input line 399.
LaTeX Info: Redefining \colon on input line 410.
\classnum@=\count267
\DOTSCASE@=\count268
LaTeX Info: Redefining \ldots on input line 496.
LaTeX Info: Redefining \dots on input line 499.
LaTeX Info: Redefining \cdots on input line 620.
\Mathstrutbox@=\box51
\strutbox@=\box52
LaTeX Info: Redefining \big on input line 722.
LaTeX Info: Redefining \Big on input line 723.
LaTeX Info: Redefining \bigg on input line 724.
LaTeX Info: Redefining \Bigg on input line 725.
\big@size=\dimen145
LaTeX Font Info:    Redeclaring font encoding OML on input line 743.
LaTeX Font Info:    Redeclaring font encoding OMS on input line 744.
\macc@depth=\count269
LaTeX Info: Redefining \bmod on input line 905.
LaTeX Info: Redefining \pmod on input line 910.
LaTeX Info: Redefining \smash on input line 940.
LaTeX Info: Redefining \relbar on input line 970.
LaTeX Info: Redefining \Relbar on input line 971.
\c@MaxMatrixCols=\count270
\dotsspace@=\muskip16
\c@parentequation=\count271
\dspbrk@lvl=\count272
\tag@help=\toks19
\row@=\count273
\column@=\count274
\maxfields@=\count275
\andhelp@=\toks20
\eqnshift@=\dimen146
\alignsep@=\dimen147
\tagshift@=\dimen148
\tagwidth@=\dimen149
\totwidth@=\dimen150
\lineht@=\dimen151
\@envbody=\toks21
\multlinegap=\skip54
\multlinetaggap=\skip55
\mathdisplay@stack=\toks22
LaTeX Info: Redefining \[ on input line 2953.
LaTeX Info: Redefining \] on input line 2954.
) (C:\Users\urosm\AppData\Local\Programs\MiKTeX\tex/latex/amsfonts\amssymb.sty
Package: amssymb 2013/01/14 v3.01 AMS font symbols
 (C:\Users\urosm\AppData\Local\Programs\MiKTeX\tex/latex/amsfonts\amsfonts.sty
Package: amsfonts 2013/01/14 v3.01 Basic AMSFonts support
\symAMSa=\mathgroup4
\symAMSb=\mathgroup5
LaTeX Font Info:    Redeclaring math symbol \hbar on input line 98.
LaTeX Font Info:    Overwriting math alphabet `\mathfrak' in version `bold'
(Font)                  U/euf/m/n --> U/euf/b/n on input line 106.
)) (C:\Users\urosm\AppData\Local\Programs\MiKTeX\tex/latex/natbib\natbib.sty
Package: natbib 2010/09/13 8.31b (PWD, AO)
\bibhang=\skip56
\bibsep=\skip57
LaTeX Info: Redefining \cite on input line 694.
\c@NAT@ctr=\count276
) (C:\Users\urosm\AppData\Local\Programs\MiKTeX\tex/latex/graphics\graphicx.sty
Package: graphicx 2021/09/16 v1.2d Enhanced LaTeX Graphics (DPC,SPQR)
 (C:\Users\urosm\AppData\Local\Programs\MiKTeX\tex/latex/graphics\graphics.sty
Package: graphics 2022/03/10 v1.4e Standard LaTeX Graphics (DPC,SPQR)
 (C:\Users\urosm\AppData\Local\Programs\MiKTeX\tex/latex/graphics\trig.sty
Package: trig 2021/08/11 v1.11 sin cos tan (DPC)
) (C:\Users\urosm\AppData\Local\Programs\MiKTeX\tex/latex/graphics-cfg\graphics.cfg
File: graphics.cfg 2016/06/04 v1.11 sample graphics configuration
)
Package graphics Info: Driver file: pdftex.def on input line 107.
 (C:\Users\urosm\AppData\Local\Programs\MiKTeX\tex/latex/graphics-def\pdftex.def
File: pdftex.def 2022/09/22 v1.2b Graphics/color driver for pdftex
))
\Gin@req@height=\dimen152
\Gin@req@width=\dimen153
) (C:\Users\urosm\AppData\Local\Programs\MiKTeX\tex/latex/url\url.sty
\Urlmuskip=\muskip17
Package: url 2013/09/16  ver 3.4  Verb mode for urls, etc.
) (C:\Users\urosm\AppData\Local\Programs\MiKTeX\tex/latex/xcolor\xcolor.sty
Package: xcolor 2022/06/12 v2.14 LaTeX color extensions (UK)
 (C:\Users\urosm\AppData\Local\Programs\MiKTeX\tex/latex/graphics-cfg\color.cfg
File: color.cfg 2016/01/02 v1.6 sample color configuration
)
Package xcolor Info: Driver file: pdftex.def on input line 227.
 (C:\Users\urosm\AppData\Local\Programs\MiKTeX\tex/latex/graphics\mathcolor.ltx)
Package xcolor Info: Model `cmy' substituted by `cmy0' on input line 1353.
Package xcolor Info: Model `hsb' substituted by `rgb' on input line 1357.
Package xcolor Info: Model `RGB' extended on input line 1369.
Package xcolor Info: Model `HTML' substituted by `rgb' on input line 1371.
Package xcolor Info: Model `Hsb' substituted by `hsb' on input line 1372.
Package xcolor Info: Model `tHsb' substituted by `hsb' on input line 1373.
Package xcolor Info: Model `HSB' substituted by `hsb' on input line 1374.
Package xcolor Info: Model `Gray' substituted by `gray' on input line 1375.
Package xcolor Info: Model `wave' substituted by `hsb' on input line 1376.
 (C:\Users\urosm\AppData\Local\Programs\MiKTeX\tex/latex/xcolor\x11nam.def
File: x11nam.def 2022/06/12 v2.14 Predefined colors according to Unix/X11 (UK)
)) (C:\Users\urosm\AppData\Local\Programs\MiKTeX\tex/latex/algorithm2e\algorithm2e.sty
Package: algorithm2e 2017/07/18 v5.2 algorithms environments
\c@AlgoLine=\count277
 (C:\Users\urosm\AppData\Local\Programs\MiKTeX\tex/latex/base\ifthen.sty
Package: ifthen 2022/04/13 v1.1d Standard LaTeX ifthen package (DPC)
)
\algocf@hangindent=\skip58
 (C:\Users\urosm\AppData\Local\Programs\MiKTeX\tex/latex/ifoddpage\ifoddpage.sty
Package: ifoddpage 2022/10/18 v1.2 Conditionals for odd/even page detection
\c@checkoddpage=\count278
) (C:\Users\urosm\AppData\Local\Programs\MiKTeX\tex/latex/tools\xspace.sty
Package: xspace 2014/10/28 v1.13 Space after command names (DPC,MH)
) (C:\Users\urosm\AppData\Local\Programs\MiKTeX\tex/latex/relsize\relsize.sty
Package: relsize 2013/03/29 ver 4.1
)
\skiptotal=\skip59
\skiplinenumber=\skip60
\skiprule=\skip61
\skiphlne=\skip62
\skiptext=\skip63
\skiplength=\skip64
\algomargin=\skip65
\skipalgocfslide=\skip66
\algowidth=\dimen154
\inoutsize=\dimen155
\inoutindent=\dimen156
\interspacetitleruled=\dimen157
\interspacealgoruled=\dimen158
\interspacetitleboxruled=\dimen159
\algocf@ruledwidth=\skip67
\algocf@inoutbox=\box53
\algocf@inputbox=\box54
\AlCapSkip=\skip68
\AlCapHSkip=\skip69
\algoskipindent=\skip70
\algocf@nlbox=\box55
\algocf@hangingbox=\box56
\algocf@untilbox=\box57
\algocf@skipuntil=\skip71
\algocf@capbox=\box58
\algocf@lcaptionbox=\skip72
\algoheightruledefault=\skip73
\algoheightrule=\skip74
\algotitleheightruledefault=\skip75
\algotitleheightrule=\skip76
\c@algocfline=\count279
\c@algocfproc=\count280
\c@algocf=\count281
\algocf@algoframe=\box59
\algocf@algobox=\box60
) (C:\Users\urosm\AppData\Local\Programs\MiKTeX\tex/latex/jmlr\jmlrutils.sty
Package: jmlrutils 2022/02/09 v1.30 (NLCT)
\c@subfigure=\count282
\@subfloatcapbox=\box61
\@subfloatcontsbox=\box62
\jmlrminsubcaptionwidth=\skip77
\c@subtable=\count283
\c@example=\count284
\c@theorem=\count285
) (C:\Users\urosm\AppData\Local\Programs\MiKTeX\tex/latex/hyperref\hyperref.sty
Package: hyperref 2023-02-07 v7.00v Hypertext links for LaTeX
 (C:\Users\urosm\AppData\Local\Programs\MiKTeX\tex/generic/ltxcmds\ltxcmds.sty
Package: ltxcmds 2023-12-04 v1.26 LaTeX kernel commands for general use (HO)
) (C:\Users\urosm\AppData\Local\Programs\MiKTeX\tex/generic/iftex\iftex.sty
Package: iftex 2022/02/03 v1.0f TeX engine tests
) (C:\Users\urosm\AppData\Local\Programs\MiKTeX\tex/generic/pdftexcmds\pdftexcmds.sty
Package: pdftexcmds 2020-06-27 v0.33 Utility functions of pdfTeX for LuaTeX (HO)
 (C:\Users\urosm\AppData\Local\Programs\MiKTeX\tex/generic/infwarerr\infwarerr.sty
Package: infwarerr 2019/12/03 v1.5 Providing info/warning/error messages (HO)
)
Package pdftexcmds Info: \pdf@primitive is available.
Package pdftexcmds Info: \pdf@ifprimitive is available.
Package pdftexcmds Info: \pdfdraftmode found.
) (C:\Users\urosm\AppData\Local\Programs\MiKTeX\tex/latex/kvsetkeys\kvsetkeys.sty
Package: kvsetkeys 2022-10-05 v1.19 Key value parser (HO)
) (C:\Users\urosm\AppData\Local\Programs\MiKTeX\tex/generic/kvdefinekeys\kvdefinekeys.sty
Package: kvdefinekeys 2019-12-19 v1.6 Define keys (HO)
) (C:\Users\urosm\AppData\Local\Programs\MiKTeX\tex/generic/pdfescape\pdfescape.sty
Package: pdfescape 2019/12/09 v1.15 Implements pdfTeX's escape features (HO)
) (C:\Users\urosm\AppData\Local\Programs\MiKTeX\tex/latex/hycolor\hycolor.sty
Package: hycolor 2020-01-27 v1.10 Color options for hyperref/bookmark (HO)
) (C:\Users\urosm\AppData\Local\Programs\MiKTeX\tex/latex/letltxmacro\letltxmacro.sty
Package: letltxmacro 2019/12/03 v1.6 Let assignment for LaTeX macros (HO)
) (C:\Users\urosm\AppData\Local\Programs\MiKTeX\tex/latex/auxhook\auxhook.sty
Package: auxhook 2019-12-17 v1.6 Hooks for auxiliary files (HO)
) (C:\Users\urosm\AppData\Local\Programs\MiKTeX\tex/latex/hyperref\nameref.sty
Package: nameref 2022-05-17 v2.50 Cross-referencing by name of section
 (C:\Users\urosm\AppData\Local\Programs\MiKTeX\tex/latex/refcount\refcount.sty
Package: refcount 2019/12/15 v3.6 Data extraction from label references (HO)
) (C:\Users\urosm\AppData\Local\Programs\MiKTeX\tex/generic/gettitlestring\gettitlestring.sty
Package: gettitlestring 2019/12/15 v1.6 Cleanup title references (HO)
 (C:\Users\urosm\AppData\Local\Programs\MiKTeX\tex/latex/kvoptions\kvoptions.sty
Package: kvoptions 2022-06-15 v3.15 Key value format for package options (HO)
))
\c@section@level=\count286
)
\@linkdim=\dimen160
\Hy@linkcounter=\count287
\Hy@pagecounter=\count288
 (C:\Users\urosm\AppData\Local\Programs\MiKTeX\tex/latex/hyperref\pd1enc.def
File: pd1enc.def 2023-02-07 v7.00v Hyperref: PDFDocEncoding definition (HO)
Now handling font encoding PD1 ...
... no UTF-8 mapping file for font encoding PD1
) (C:\Users\urosm\AppData\Local\Programs\MiKTeX\tex/generic/intcalc\intcalc.sty
Package: intcalc 2019/12/15 v1.3 Expandable calculations with integers (HO)
) (C:\Users\urosm\AppData\Local\Programs\MiKTeX\tex/generic/etexcmds\etexcmds.sty
Package: etexcmds 2019/12/15 v1.7 Avoid name clashes with e-TeX commands (HO)
)
\Hy@SavedSpaceFactor=\count289
 (C:\Users\urosm\AppData\Local\Programs\MiKTeX\tex/latex/hyperref\puenc.def
File: puenc.def 2023-02-07 v7.00v Hyperref: PDF Unicode definition (HO)
Now handling font encoding PU ...
... no UTF-8 mapping file for font encoding PU
)
Package hyperref Info: Hyper figures OFF on input line 4177.
Package hyperref Info: Link nesting OFF on input line 4182.
Package hyperref Info: Hyper index ON on input line 4185.
Package hyperref Info: Plain pages OFF on input line 4192.
Package hyperref Info: Backreferencing OFF on input line 4197.
Package hyperref Info: Implicit mode ON; LaTeX internals redefined.
Package hyperref Info: Bookmarks ON on input line 4425.
\c@Hy@tempcnt=\count290
LaTeX Info: Redefining \url on input line 4763.
\XeTeXLinkMargin=\dimen161
 (C:\Users\urosm\AppData\Local\Programs\MiKTeX\tex/generic/bitset\bitset.sty
Package: bitset 2019/12/09 v1.3 Handle bit-vector datatype (HO)
 (C:\Users\urosm\AppData\Local\Programs\MiKTeX\tex/generic/bigintcalc\bigintcalc.sty
Package: bigintcalc 2019/12/15 v1.5 Expandable calculations on big integers (HO)
))
\Fld@menulength=\count291
\Field@Width=\dimen162
\Fld@charsize=\dimen163
Package hyperref Info: Hyper figures OFF on input line 6042.
Package hyperref Info: Link nesting OFF on input line 6047.
Package hyperref Info: Hyper index ON on input line 6050.
Package hyperref Info: backreferencing OFF on input line 6057.
Package hyperref Info: Link coloring OFF on input line 6062.
Package hyperref Info: Link coloring with OCG OFF on input line 6067.
Package hyperref Info: PDF/A mode OFF on input line 6072.
 (C:\Users\urosm\AppData\Local\Programs\MiKTeX\tex/latex/base\atbegshi-ltx.sty
Package: atbegshi-ltx 2021/01/10 v1.0c Emulation of the original atbegshi
package with kernel methods
)
\Hy@abspage=\count292
\c@Item=\count293
\c@Hfootnote=\count294
)
Package hyperref Info: Driver (autodetected): hpdftex.
 (C:\Users\urosm\AppData\Local\Programs\MiKTeX\tex/latex/hyperref\hpdftex.def
File: hpdftex.def 2023-02-07 v7.00v Hyperref driver for pdfTeX
 (C:\Users\urosm\AppData\Local\Programs\MiKTeX\tex/latex/base\atveryend-ltx.sty
Package: atveryend-ltx 2020/08/19 v1.0a Emulation of the original atveryend package
with kernel methods
)
\Fld@listcount=\count295
\c@bookmark@seq@number=\count296
 (C:\Users\urosm\AppData\Local\Programs\MiKTeX\tex/latex/rerunfilecheck\rerunfilecheck.sty
Package: rerunfilecheck 2022-07-10 v1.10 Rerun checks for auxiliary files (HO)
 (C:\Users\urosm\AppData\Local\Programs\MiKTeX\tex/generic/uniquecounter\uniquecounter.sty
Package: uniquecounter 2019/12/15 v1.4 Provide unlimited unique counter (HO)
)
Package uniquecounter Info: New unique counter `rerunfilecheck' on input line 285.
)
\Hy@SectionHShift=\skip78
)
Package hyperref Info: Option `colorlinks' set `true' on input line 169.
Package hyperref Info: Option `linktocpage' set `true' on input line 169.
Package hyperref Info: Option `plainpages' set `false' on input line 169.
\aftertitskip=\skip79
\beforetitskip=\skip80
\interauthorskip=\skip81
\aftermaketitskip=\skip82
\jmlrlength=\skip83
\jmlrbox=\box63
\c@chapter=\count297
\postchapterskip=\skip84
\prechapterskip=\skip85
) (C:\Users\urosm\AppData\Local\Programs\MiKTeX\tex/latex/booktabs\booktabs.sty
Package: booktabs 2020/01/12 v1.61803398 Publication quality tables
\heavyrulewidth=\dimen164
\lightrulewidth=\dimen165
\cmidrulewidth=\dimen166
\belowrulesep=\dimen167
\belowbottomsep=\dimen168
\aboverulesep=\dimen169
\abovetopsep=\dimen170
\cmidrulesep=\dimen171
\cmidrulekern=\dimen172
\defaultaddspace=\dimen173
\@cmidla=\count298
\@cmidlb=\count299
\@aboverulesep=\dimen174
\@belowrulesep=\dimen175
\@thisruleclass=\count300
\@lastruleclass=\count301
\@thisrulewidth=\dimen176
) (C:\Users\urosm\AppData\Local\Programs\MiKTeX\tex/latex/float\float.sty
Package: float 2001/11/08 v1.3d Float enhancements (AL)
\c@float@type=\count302
\float@exts=\toks23
\float@box=\box64
\@float@everytoks=\toks24
\@floatcapt=\box65
) (C:\Users\urosm\AppData\Local\Programs\MiKTeX\tex/latex/geometry\geometry.sty
Package: geometry 2020/01/02 v5.9 Page Geometry
 (C:\Users\urosm\AppData\Local\Programs\MiKTeX\tex/generic/iftex\ifvtex.sty
Package: ifvtex 2019/10/25 v1.7 ifvtex legacy package. Use iftex instead.
)
\Gm@cnth=\count303
\Gm@cntv=\count304
\c@Gm@tempcnt=\count305
\Gm@bindingoffset=\dimen177
\Gm@wd@mp=\dimen178
\Gm@odd@mp=\dimen179
\Gm@even@mp=\dimen180
\Gm@layoutwidth=\dimen181
\Gm@layoutheight=\dimen182
\Gm@layouthoffset=\dimen183
\Gm@layoutvoffset=\dimen184
\Gm@dimlist=\toks25
 (C:\Users\urosm\AppData\Local\Programs\MiKTeX\tex/latex/geometry\geometry.cfg)) (C:\Users\urosm\AppData\Local\Programs\MiKTeX\tex/latex/l3backend\l3backend-pdftex.def
File: l3backend-pdftex.def 2023-03-30 L3 backend support: PDF output (pdfTeX)
\l__color_backend_stack_int=\count306
\l__pdf_internal_box=\box66
) (main.aux

LaTeX Warning: Label `fig:prices' multiply defined.


LaTeX Warning: Label `fig:returns' multiply defined.


LaTeX Warning: Label `fig:cum_returns' multiply defined.


LaTeX Warning: Label `tab:asset_summary' multiply defined.


LaTeX Warning: Label `tab:corr_matrix' multiply defined.


LaTeX Warning: Label `tab:cov_matrix' multiply defined.


LaTeX Warning: Label `fig:frontier' multiply defined.


LaTeX Warning: Label `fig:indifference' multiply defined.


LaTeX Warning: Label `tab:weights' multiply defined.


LaTeX Warning: Label `fig:minvar_weights' multiply defined.


LaTeX Warning: Label `fig:maxret_weights' multiply defined.


LaTeX Warning: Label `fig:dn_weights' multiply defined.


LaTeX Warning: Label `fig:rp_weights' multiply defined.


LaTeX Warning: Label `fig:tangency_weights' multiply defined.


LaTeX Warning: Label `fig:risk_return' multiply defined.


LaTeX Warning: Label `tab:portfolio_summary' multiply defined.


LaTeX Warning: Label `tab:interpretation_summary' multiply defined.


LaTeX Warning: Label `fig:minvar_density' multiply defined.


LaTeX Warning: Label `fig:maxret_density' multiply defined.


LaTeX Warning: Label `fig:dn_density' multiply defined.


LaTeX Warning: Label `fig:rp_density' multiply defined.


LaTeX Warning: Label `fig:maxret_hist' multiply defined.


LaTeX Warning: Label `fig:dn_hist' multiply defined.


LaTeX Warning: Label `fig:rp_hist' multiply defined.


LaTeX Warning: Label `fig:tangency_hist' multiply defined.

)
\openout1 = `main.aux'.

LaTeX Font Info:    Checking defaults for OML/cmm/m/it on input line 20.
LaTeX Font Info:    ... okay on input line 20.
LaTeX Font Info:    Checking defaults for OMS/cmsy/m/n on input line 20.
LaTeX Font Info:    ... okay on input line 20.
LaTeX Font Info:    Checking defaults for OT1/cmr/m/n on input line 20.
LaTeX Font Info:    ... okay on input line 20.
LaTeX Font Info:    Checking defaults for T1/cmr/m/n on input line 20.
LaTeX Font Info:    ... okay on input line 20.
LaTeX Font Info:    Checking defaults for TS1/cmr/m/n on input line 20.
LaTeX Font Info:    ... okay on input line 20.
LaTeX Font Info:    Checking defaults for OMX/cmex/m/n on input line 20.
LaTeX Font Info:    ... okay on input line 20.
LaTeX Font Info:    Checking defaults for U/cmr/m/n on input line 20.
LaTeX Font Info:    ... okay on input line 20.
LaTeX Font Info:    Checking defaults for PD1/pdf/m/n on input line 20.
LaTeX Font Info:    ... okay on input line 20.
LaTeX Font Info:    Checking defaults for PU/pdf/m/n on input line 20.
LaTeX Font Info:    ... okay on input line 20.
 (C:\Users\urosm\AppData\Local\Programs\MiKTeX\tex/context/base/mkii\supp-pdf.mkii
[Loading MPS to PDF converter (version 2006.09.02).]
\scratchcounter=\count307
\scratchdimen=\dimen185
\scratchbox=\box67
\nofMPsegments=\count308
\nofMParguments=\count309
\everyMPshowfont=\toks26
\MPscratchCnt=\count310
\MPscratchDim=\dimen186
\MPnumerator=\count311
\makeMPintoPDFobject=\count312
\everyMPtoPDFconversion=\toks27
) (C:\Users\urosm\AppData\Local\Programs\MiKTeX\tex/latex/epstopdf-pkg\epstopdf-base.sty
Package: epstopdf-base 2020-01-24 v2.11 Base part for package epstopdf
Package epstopdf-base Info: Redefining graphics rule for `.eps' on input line 485.
 (C:\Users\urosm\AppData\Local\Programs\MiKTeX\tex/latex/00miktex\epstopdf-sys.cfg
File: epstopdf-sys.cfg 2021/03/18 v2.0 Configuration of epstopdf for MiKTeX
))
Package hyperref Info: Link coloring ON on input line 20.
 (main.out) (main.out)
\@outlinefile=\write3
\openout3 = `main.out'.


*geometry* driver: auto-detecting
*geometry* detected driver: pdftex
*geometry* verbose mode - [ preamble ] result:
* driver: pdftex
* paper: <default>
* layout: <same size as paper>
* layoutoffset:(h,v)=(0.0pt,0.0pt)
* modes: twoside 
* h-part:(L,W,R)=(72.26999pt, 469.75502pt, 72.26999pt)
* v-part:(T,H,B)=(72.26999pt, 650.43001pt, 72.26999pt)
* \paperwidth=614.295pt
* \paperheight=794.96999pt
* \textwidth=469.75502pt
* \textheight=650.43001pt
* \oddsidemargin=0.0pt
* \evensidemargin=0.0pt
* \topmargin=-55.06749pt
* \headheight=12.0pt
* \headsep=43.06749pt
* \topskip=11.0pt
* \footskip=30.0pt
* \marginparwidth=5.05942pt
* \marginparsep=10.0pt
* \columnsep=10.0pt
* \skip\footins=10.0pt plus 4.0pt minus 2.0pt
* \hoffset=0.0pt
* \voffset=0.0pt
* \mag=1000
* \@twocolumnfalse
* \@twosidetrue
* \@mparswitchtrue
* \@reversemarginfalse
* (1in=72.27pt=25.4mm, 1cm=28.453pt)


c:/Users/urosm/OneDrive/Desktop/portfolio-optimization/main.tex:24: LaTeX Error: Environment abstract - TEST undefined.

See the LaTeX manual or LaTeX Companion for explanation.
Type  H <return>  for immediate help.
 ...                                              
                                                  
l.24 \begin{abstract - TEST}
                            
Your command was ignored.
Type  I <command> <return>  to replace it with another command,
or  <return>  to continue without it.

c:/Users/urosm/OneDrive/Desktop/portfolio-optimization/main.tex:28: Extra }, or forgotten \endgroup.
\endabstract ->\par \egroup 
                            \vskip 0.25ex
l.28 \end{abstract}
                   
I've deleted a group-closing symbol because it seems to be
spurious, as in `$x}$'. But perhaps the } is legitimate and
you forgot something else, as in `\hbox{$x}'. In such cases
the way to recover is to insert both the forgotten and the
deleted material, e.g., by typing `I$}'.


c:/Users/urosm/OneDrive/Desktop/portfolio-optimization/main.tex:28: LaTeX Error: \begin{document} ended by \end{abstract}.

See the LaTeX manual or LaTeX Companion for explanation.
Type  H <return>  for immediate help.
 ...                                              
                                                  
l.28 \end{abstract}
                   
Your command was ignored.
Type  I <command> <return>  to replace it with another command,
or  <return>  to continue without it.

<outputs/figures/01_prices.png, id=167, 860.013pt x 389.17395pt>
File: outputs/figures/01_prices.png Graphic file (type png)
<use outputs/figures/01_prices.png>
Package pdftex.def Info: outputs/figures/01_prices.png  used on input line 48.
(pdftex.def)             Requested size: 422.77664pt x 191.31448pt.
[1{C:/Users/urosm/AppData/Local/MiKTeX/fonts/map/pdftex/pdftex.map}


pdfTeX warning (ext4): destination with the same identifier (name{figure.1}) has been already used, duplicate ignored
<argument> ...shipout:D \box_use:N \l_shipout_box 
                                                  \__shipout_drop_firstpage_...
l.54 
      <./outputs/figures/01_prices.png>]
LaTeX Font Info:    Trying to load font information for U+msa on input line 56.
 (C:\Users\urosm\AppData\Local\Programs\MiKTeX\tex/latex/amsfonts\umsa.fd
File: umsa.fd 2013/01/14 v3.01 AMS symbols A
)
LaTeX Font Info:    Trying to load font information for U+msb on input line 56.
 (C:\Users\urosm\AppData\Local\Programs\MiKTeX\tex/latex/amsfonts\umsb.fd
File: umsb.fd 2013/01/14 v3.01 AMS symbols B
)
<outputs/figures/02_asset_returns.png, id=188, 860.013pt x 389.17395pt>
File: outputs/figures/02_asset_returns.png Graphic file (type png)
<use outputs/figures/02_asset_returns.png>
Package pdftex.def Info: outputs/figures/02_asset_returns.png  used on input line 62.
(pdftex.def)             Requested size: 422.77664pt x 191.31448pt.
<outputs/figures/03_cumulative_returns.png, id=190, 860.013pt x 389.17395pt>
File: outputs/figures/03_cumulative_returns.png Graphic file (type png)
<use outputs/figures/03_cumulative_returns.png>
Package pdftex.def Info: outputs/figures/03_cumulative_returns.png  used on input line 71.
(pdftex.def)             Requested size: 422.77664pt x 191.31448pt.
 [2
pdfTeX warning (ext4): destination with the same identifier (name{figure.2}) has been already used, duplicate ignored
<argument> ...shipout:D \box_use:N \l_shipout_box 
                                                  \__shipout_drop_firstpage_...
l.78 \subsection
                {Asset Summary Statistics}
pdfTeX warning (ext4): destination with the same identifier (name{figure.3}) has been already used, duplicate ignored
<argument> ...shipout:D \box_use:N \l_shipout_box 
                                                  \__shipout_drop_firstpage_...
l.78 \subsection
                {Asset Summary Statistics} <./outputs/figures/02_asset_returns.png> <./outputs/figures/03_cumulative_returns.png>] [3
pdfTeX warning (ext4): destination with the same identifier (name{table.1}) has been already used, duplicate ignored
<argument> ...shipout:D \box_use:N \l_shipout_box 
                                                  \__shipout_drop_firstpage_...
l.154 \end{table}
                 
pdfTeX warning (ext4): destination with the same identifier (name{table.2}) has been already used, duplicate ignored
<argument> ...shipout:D \box_use:N \l_shipout_box 
                                                  \__shipout_drop_firstpage_...
l.154 \end{table}
                 ] [4
pdfTeX warning (ext4): destination with the same identifier (name{table.3}) has been already used, duplicate ignored
<argument> ...shipout:D \box_use:N \l_shipout_box 
                                                  \__shipout_drop_firstpage_...
l.197 \end{align}
                 ]
<outputs/figures/41_efficient_frontier.png, id=236, 641.7576pt x 410.85495pt>
File: outputs/figures/41_efficient_frontier.png Graphic file (type png)
<use outputs/figures/41_efficient_frontier.png>
Package pdftex.def Info: outputs/figures/41_efficient_frontier.png  used on input line 238.
(pdftex.def)             Requested size: 422.77664pt x 270.66357pt.
 [5]
<outputs/figures/42_indifference_curves.png, id=250, 607.068pt x 389.17395pt>
File: outputs/figures/42_indifference_curves.png Graphic file (type png)
<use outputs/figures/42_indifference_curves.png>
Package pdftex.def Info: outputs/figures/42_indifference_curves.png  used on input line 268.
(pdftex.def)             Requested size: 422.77664pt x 271.03033pt.
 [6
pdfTeX warning (ext4): destination with the same identifier (name{figure.4}) has been already used, duplicate ignored
<argument> ...shipout:D \box_use:N \l_shipout_box 
                                                  \__shipout_drop_firstpage_...
l.272 
       <./outputs/figures/41_efficient_frontier.png>] [7
pdfTeX warning (ext4): destination with the same identifier (name{figure.5}) has been already used, duplicate ignored
<argument> ...shipout:D \box_use:N \l_shipout_box 
                                                  \__shipout_drop_firstpage_...
l.307 
      
pdfTeX warning (ext4): destination with the same identifier (name{table.4}) has been already used, duplicate ignored
<argument> ...shipout:D \box_use:N \l_shipout_box 
                                                  \__shipout_drop_firstpage_...
l.307 
       <./outputs/figures/42_indifference_curves.png>]
<outputs/figures/11_min_variance_weights.png, id=275, 607.068pt x 338.58495pt>
File: outputs/figures/11_min_variance_weights.png Graphic file (type png)
<use outputs/figures/11_min_variance_weights.png>
Package pdftex.def Info: outputs/figures/11_min_variance_weights.png  used on input line 310.
(pdftex.def)             Requested size: 338.22418pt x 188.64015pt.
<outputs/figures/12_max_return_weights.png, id=276, 607.068pt x 338.58495pt>
File: outputs/figures/12_max_return_weights.png Graphic file (type png)
<use outputs/figures/12_max_return_weights.png>
Package pdftex.def Info: outputs/figures/12_max_return_weights.png  used on input line 317.
(pdftex.def)             Requested size: 338.22418pt x 188.64015pt.
<outputs/figures/13_dollar_neutral_random_search_weights.png, id=277, 607.068pt x 338.58495pt>
File: outputs/figures/13_dollar_neutral_random_search_weights.png Graphic file (type png)
<use outputs/figures/13_dollar_neutral_random_search_weights.png>
Package pdftex.def Info: outputs/figures/13_dollar_neutral_random_search_weights.png  used on input line 324.
(pdftex.def)             Requested size: 338.22418pt x 188.64015pt.

Underfull \vbox (badness 10000) has occurred while \output is active []

 [8
pdfTeX warning (ext4): destination with the same identifier (name{figure.6}) has been already used, duplicate ignored
<argument> ...shipout:D \box_use:N \l_shipout_box 
                                                  \__shipout_drop_firstpage_...
l.328 
      
pdfTeX warning (ext4): destination with the same identifier (name{figure.7}) has been already used, duplicate ignored
<argument> ...shipout:D \box_use:N \l_shipout_box 
                                                  \__shipout_drop_firstpage_...
l.328 
       <./outputs/figures/11_min_variance_weights.png> <./outputs/figures/12_max_return_weights.png>]
<outputs/figures/14_risk_parity_weights.png, id=286, 607.068pt x 338.58495pt>
File: outputs/figures/14_risk_parity_weights.png Graphic file (type png)
<use outputs/figures/14_risk_parity_weights.png>
Package pdftex.def Info: outputs/figures/14_risk_parity_weights.png  used on input line 331.
(pdftex.def)             Requested size: 338.22418pt x 188.64015pt.
<outputs/figures/15_tangency_weights.png, id=287, 607.068pt x 338.58495pt>
File: outputs/figures/15_tangency_weights.png Graphic file (type png)
<use outputs/figures/15_tangency_weights.png>
Package pdftex.def Info: outputs/figures/15_tangency_weights.png  used on input line 338.
(pdftex.def)             Requested size: 338.22418pt x 188.64015pt.

Underfull \vbox (badness 10000) has occurred while \output is active []

 [9
pdfTeX warning (ext4): destination with the same identifier (name{figure.8}) has been already used, duplicate ignored
<argument> ...shipout:D \box_use:N \l_shipout_box 
                                                  \__shipout_drop_firstpage_...
l.342 
      
pdfTeX warning (ext4): destination with the same identifier (name{figure.9}) has been already used, duplicate ignored
<argument> ...shipout:D \box_use:N \l_shipout_box 
                                                  \__shipout_drop_firstpage_...
l.342 
       <./outputs/figures/13_dollar_neutral_random_search_weights.png> <./outputs/figures/14_risk_parity_weights.png>]
<outputs/figures/40_portfolio_risk_return_comparison.png, id=301, 606.3453pt x 389.17395pt>
File: outputs/figures/40_portfolio_risk_return_comparison.png Graphic file (type png)
<use outputs/figures/40_portfolio_risk_return_comparison.png>
Package pdftex.def Info: outputs/figures/40_portfolio_risk_return_comparison.png  used on input line 351.
(pdftex.def)             Requested size: 422.77664pt x 271.351pt.

Overfull \hbox (13.85718pt too wide) in paragraph at lines 361--372
 [][] 
 []

[10
pdfTeX warning (ext4): destination with the same identifier (name{figure.10}) has been already used, duplicate ignored
<argument> ...shipout:D \box_use:N \l_shipout_box 
                                                  \__shipout_drop_firstpage_...
l.373 
      
pdfTeX warning (ext4): destination with the same identifier (name{figure.11}) has been already used, duplicate ignored
<argument> ...shipout:D \box_use:N \l_shipout_box 
                                                  \__shipout_drop_firstpage_...
l.373 
       <./outputs/figures/15_tangency_weights.png> <./outputs/figures/40_portfolio_risk_return_comparison.png>]
<outputs/figures/31_min_variance_density.png, id=317, 642.11896pt x 353.03896pt>
File: outputs/figures/31_min_variance_density.png Graphic file (type png)
<use outputs/figures/31_min_variance_density.png>
Package pdftex.def Info: outputs/figures/31_min_variance_density.png  used on input line 402.
(pdftex.def)             Requested size: 375.80544pt x 206.62122pt.

Underfull \vbox (badness 10000) has occurred while \output is active []

 [11
pdfTeX warning (ext4): destination with the same identifier (name{table.5}) has been already used, duplicate ignored
<argument> ...shipout:D \box_use:N \l_shipout_box 
                                                  \__shipout_drop_firstpage_...
l.406 
      
pdfTeX warning (ext4): destination with the same identifier (name{table.6}) has been already used, duplicate ignored
<argument> ...shipout:D \box_use:N \l_shipout_box 
                                                  \__shipout_drop_firstpage_...
l.406 
      ]
<outputs/figures/32_max_return_density.png, id=325, 643.203pt x 353.03896pt>
File: outputs/figures/32_max_return_density.png Graphic file (type png)
<use outputs/figures/32_max_return_density.png>
Package pdftex.def Info: outputs/figures/32_max_return_density.png  used on input line 409.
(pdftex.def)             Requested size: 375.80544pt x 206.27107pt.
<outputs/figures/33_dollar_neutral_random_search_density.png, id=326, 641.0349pt x 353.03896pt>
File: outputs/figures/33_dollar_neutral_random_search_density.png Graphic file (type png)
<use outputs/figures/33_dollar_neutral_random_search_density.png>
Package pdftex.def Info: outputs/figures/33_dollar_neutral_random_search_density.png  used on input line 416.
(pdftex.def)             Requested size: 375.80544pt x 206.96599pt.

Underfull \vbox (badness 10000) has occurred while \output is active []

 [12
pdfTeX warning (ext4): destination with the same identifier (name{figure.12}) has been already used, duplicate ignored
<argument> ...shipout:D \box_use:N \l_shipout_box 
                                                  \__shipout_drop_firstpage_...
l.420 
      
pdfTeX warning (ext4): destination with the same identifier (name{figure.13}) has been already used, duplicate ignored
<argument> ...shipout:D \box_use:N \l_shipout_box 
                                                  \__shipout_drop_firstpage_...
l.420 
       <./outputs/figures/31_min_variance_density.png> <./outputs/figures/32_max_return_density.png>]
<outputs/figures/34_risk_parity_density.png, id=335, 642.84164pt x 353.03896pt>
File: outputs/figures/34_risk_parity_density.png Graphic file (type png)
<use outputs/figures/34_risk_parity_density.png>
Package pdftex.def Info: outputs/figures/34_risk_parity_density.png  used on input line 423.
(pdftex.def)             Requested size: 375.80544pt x 206.39497pt.
<outputs/figures/22_max_return_histogram.png, id=338, 643.203pt x 353.03896pt>
File: outputs/figures/22_max_return_histogram.png Graphic file (type png)
<use outputs/figures/22_max_return_histogram.png>
Package pdftex.def Info: outputs/figures/22_max_return_histogram.png  used on input line 432.
(pdftex.def)             Requested size: 375.80544pt x 206.27107pt.

Underfull \vbox (badness 10000) has occurred while \output is active []

 [13
pdfTeX warning (ext4): destination with the same identifier (name{figure.14}) has been already used, duplicate ignored
<argument> ...shipout:D \box_use:N \l_shipout_box 
                                                  \__shipout_drop_firstpage_...
l.436 
      
pdfTeX warning (ext4): destination with the same identifier (name{figure.15}) has been already used, duplicate ignored
<argument> ...shipout:D \box_use:N \l_shipout_box 
                                                  \__shipout_drop_firstpage_...
l.436 
       <./outputs/figures/33_dollar_neutral_random_search_density.png> <./outputs/figures/34_risk_parity_density.png>]
<outputs/figures/23_dollar_neutral_random_search_histogram.png, id=350, 640.67355pt x 353.03896pt>
File: outputs/figures/23_dollar_neutral_random_search_histogram.png Graphic file (type png)
<use outputs/figures/23_dollar_neutral_random_search_histogram.png>
Package pdftex.def Info: outputs/figures/23_dollar_neutral_random_search_histogram.png  used on input line 439.
(pdftex.def)             Requested size: 375.80544pt x 207.08989pt.
<outputs/figures/24_risk_parity_histogram.png, id=351, 642.84164pt x 353.03896pt>
File: outputs/figures/24_risk_parity_histogram.png Graphic file (type png)
<use outputs/figures/24_risk_parity_histogram.png>
Package pdftex.def Info: outputs/figures/24_risk_parity_histogram.png  used on input line 446.
(pdftex.def)             Requested size: 375.80544pt x 206.39497pt.

Underfull \vbox (badness 10000) has occurred while \output is active []

 [14
pdfTeX warning (ext4): destination with the same identifier (name{figure.16}) has been already used, duplicate ignored
<argument> ...shipout:D \box_use:N \l_shipout_box 
                                                  \__shipout_drop_firstpage_...
l.450 
      
pdfTeX warning (ext4): destination with the same identifier (name{figure.17}) has been already used, duplicate ignored
<argument> ...shipout:D \box_use:N \l_shipout_box 
                                                  \__shipout_drop_firstpage_...
l.450 
       <./outputs/figures/22_max_return_histogram.png> <./outputs/figures/23_dollar_neutral_random_search_histogram.png>]
<outputs/figures/25_tangency_histogram.png, id=360, 642.84164pt x 353.03896pt>
File: outputs/figures/25_tangency_histogram.png Graphic file (type png)
<use outputs/figures/25_tangency_histogram.png>
Package pdftex.def Info: outputs/figures/25_tangency_histogram.png  used on input line 453.
(pdftex.def)             Requested size: 375.80544pt x 206.39497pt.
 [15
pdfTeX warning (ext4): destination with the same identifier (name{figure.18}) has been already used, duplicate ignored
<argument> ...shipout:D \box_use:N \l_shipout_box 
                                                  \__shipout_drop_firstpage_...
l.467 \end{equation}
                    
pdfTeX warning (ext4): destination with the same identifier (name{figure.19}) has been already used, duplicate ignored
<argument> ...shipout:D \box_use:N \l_shipout_box 
                                                  \__shipout_drop_firstpage_...
l.467 \end{equation}
                     <./outputs/figures/24_risk_parity_histogram.png> <./outputs/figures/25_tangency_histogram.png>]

c:/Users/urosm/OneDrive/Desktop/portfolio-optimization/main.tex:502: LaTeX Error: Can be used only in preamble.

See the LaTeX manual or LaTeX Companion for explanation.
Type  H <return>  for immediate help.
 ...                                              
                                                  
l.502 \documentclass
                    [wcp]{jmlr}
Your command was ignored.
Type  I <command> <return>  to replace it with another command,
or  <return>  to continue without it.


c:/Users/urosm/OneDrive/Desktop/portfolio-optimization/main.tex:504: LaTeX Error: Can be used only in preamble.

See the LaTeX manual or LaTeX Companion for explanation.
Type  H <return>  for immediate help.
 ...                                              
                                                  
l.504 \usepackage
                 {amsmath, amssymb, booktabs, graphicx, float}
Your command was ignored.
Type  I <command> <return>  to replace it with another command,
or  <return>  to continue without it.


c:/Users/urosm/OneDrive/Desktop/portfolio-optimization/main.tex:505: LaTeX Error: Can be used only in preamble.

See the LaTeX manual or LaTeX Companion for explanation.
Type  H <return>  for immediate help.
 ...                                              
                                                  
l.505 \usepackage
                 {geometry}
Your command was ignored.
Type  I <command> <return>  to replace it with another command,
or  <return>  to continue without it.


c:/Users/urosm/OneDrive/Desktop/portfolio-optimization/main.tex:506: LaTeX Error: Can be used only in preamble.

See the LaTeX manual or LaTeX Companion for explanation.
Type  H <return>  for immediate help.
 ...                                              
                                                  
l.506 \geometry
               {margin=1in}
Your command was ignored.
Type  I <command> <return>  to replace it with another command,
or  <return>  to continue without it.


c:/Users/urosm/OneDrive/Desktop/portfolio-optimization/main.tex:515: LaTeX Error: Can be used only in preamble.

See the LaTeX manual or LaTeX Companion for explanation.
Type  H <return>  for immediate help.
 ...                                              
                                                  
l.515 \begin{document}
                      
Your command was ignored.
Type  I <command> <return>  to replace it with another command,
or  <return>  to continue without it.


Overfull \hbox (10.68109pt too wide) in paragraph at lines 519--521
 \OT1/cmr/m/n/10 turns. We con-struct and an-a-lyze mul-ti-ple port-fo-lio strate-gies, in-clud-ing minimum-variance, maximum- 
 []

[16]
File: outputs/figures/01_prices.png Graphic file (type png)
<use outputs/figures/01_prices.png>
Package pdftex.def Info: outputs/figures/01_prices.png  used on input line 543.
(pdftex.def)             Requested size: 422.77664pt x 191.31448pt.
File: outputs/figures/02_asset_returns.png Graphic file (type png)
<use outputs/figures/02_asset_returns.png>
Package pdftex.def Info: outputs/figures/02_asset_returns.png  used on input line 557.
(pdftex.def)             Requested size: 422.77664pt x 191.31448pt.

Underfull \vbox (badness 1515) has occurred while \output is active []

 [17
pdfTeX warning (ext4): destination with the same identifier (name{figure.20}) has been already used, duplicate ignored
<argument> ...shipout:D \box_use:N \l_shipout_box 
                                                  \__shipout_drop_firstpage_...
l.561 
      ]
File: outputs/figures/03_cumulative_returns.png Graphic file (type png)
<use outputs/figures/03_cumulative_returns.png>
Package pdftex.def Info: outputs/figures/03_cumulative_returns.png  used on input line 566.
(pdftex.def)             Requested size: 422.77664pt x 191.31448pt.
 [18
pdfTeX warning (ext4): destination with the same identifier (name{figure.21}) has been already used, duplicate ignored
<argument> ...shipout:D \box_use:N \l_shipout_box 
                                                  \__shipout_drop_firstpage_...
l.602 
      
pdfTeX warning (ext4): destination with the same identifier (name{figure.22}) has been already used, duplicate ignored
<argument> ...shipout:D \box_use:N \l_shipout_box 
                                                  \__shipout_drop_firstpage_...
l.602 
      ]
Underfull \vbox (badness 1975) has occurred while \output is active []

 [19
pdfTeX warning (ext4): destination with the same identifier (name{table.7}) has been already used, duplicate ignored
<argument> ...shipout:D \box_use:N \l_shipout_box 
                                                  \__shipout_drop_firstpage_...
l.650 
      
pdfTeX warning (ext4): destination with the same identifier (name{table.8}) has been already used, duplicate ignored
<argument> ...shipout:D \box_use:N \l_shipout_box 
                                                  \__shipout_drop_firstpage_...
l.650 
      ] [20
pdfTeX warning (ext4): destination with the same identifier (name{table.9}) has been already used, duplicate ignored
<argument> ...shipout:D \box_use:N \l_shipout_box 
                                                  \__shipout_drop_firstpage_...
l.703 \end{equation}
                    ]
File: outputs/figures/41_efficient_frontier.png Graphic file (type png)
<use outputs/figures/41_efficient_frontier.png>
Package pdftex.def Info: outputs/figures/41_efficient_frontier.png  used on input line 733.
(pdftex.def)             Requested size: 422.77664pt x 270.66357pt.

Underfull \vbox (badness 10000) has occurred while \output is active []

 [21]
File: outputs/figures/42_indifference_curves.png Graphic file (type png)
<use outputs/figures/42_indifference_curves.png>
Package pdftex.def Info: outputs/figures/42_indifference_curves.png  used on input line 763.
(pdftex.def)             Requested size: 422.77664pt x 271.03033pt.
 [22
pdfTeX warning (ext4): destination with the same identifier (name{figure.23}) has been already used, duplicate ignored
<argument> ...shipout:D \box_use:N \l_shipout_box 
                                                  \__shipout_drop_firstpage_...
l.767 
      ] [23
pdfTeX warning (ext4): destination with the same identifier (name{figure.24}) has been already used, duplicate ignored
<argument> ...shipout:D \box_use:N \l_shipout_box 
                                                  \__shipout_drop_firstpage_...
l.802 
      
pdfTeX warning (ext4): destination with the same identifier (name{table.10}) has been already used, duplicate ignored
<argument> ...shipout:D \box_use:N \l_shipout_box 
                                                  \__shipout_drop_firstpage_...
l.802 
      ]
File: outputs/figures/11_min_variance_weights.png Graphic file (type png)
<use outputs/figures/11_min_variance_weights.png>
Package pdftex.def Info: outputs/figures/11_min_variance_weights.png  used on input line 805.
(pdftex.def)             Requested size: 338.22418pt x 188.64015pt.
File: outputs/figures/12_max_return_weights.png Graphic file (type png)
<use outputs/figures/12_max_return_weights.png>
Package pdftex.def Info: outputs/figures/12_max_return_weights.png  used on input line 812.
(pdftex.def)             Requested size: 338.22418pt x 188.64015pt.
File: outputs/figures/13_dollar_neutral_random_search_weights.png Graphic file (type png)
<use outputs/figures/13_dollar_neutral_random_search_weights.png>
Package pdftex.def Info: outputs/figures/13_dollar_neutral_random_search_weights.png  used on input line 819.
(pdftex.def)             Requested size: 338.22418pt x 188.64015pt.

Underfull \vbox (badness 10000) has occurred while \output is active []

 [24
pdfTeX warning (ext4): destination with the same identifier (name{figure.25}) has been already used, duplicate ignored
<argument> ...shipout:D \box_use:N \l_shipout_box 
                                                  \__shipout_drop_firstpage_...
l.823 
      
pdfTeX warning (ext4): destination with the same identifier (name{figure.26}) has been already used, duplicate ignored
<argument> ...shipout:D \box_use:N \l_shipout_box 
                                                  \__shipout_drop_firstpage_...
l.823 
      ]
File: outputs/figures/14_risk_parity_weights.png Graphic file (type png)
<use outputs/figures/14_risk_parity_weights.png>
Package pdftex.def Info: outputs/figures/14_risk_parity_weights.png  used on input line 826.
(pdftex.def)             Requested size: 338.22418pt x 188.64015pt.
File: outputs/figures/15_tangency_weights.png Graphic file (type png)
<use outputs/figures/15_tangency_weights.png>
Package pdftex.def Info: outputs/figures/15_tangency_weights.png  used on input line 833.
(pdftex.def)             Requested size: 338.22418pt x 188.64015pt.

Underfull \vbox (badness 10000) has occurred while \output is active []

 [25
pdfTeX warning (ext4): destination with the same identifier (name{figure.27}) has been already used, duplicate ignored
<argument> ...shipout:D \box_use:N \l_shipout_box 
                                                  \__shipout_drop_firstpage_...
l.837 
      
pdfTeX warning (ext4): destination with the same identifier (name{figure.28}) has been already used, duplicate ignored
<argument> ...shipout:D \box_use:N \l_shipout_box 
                                                  \__shipout_drop_firstpage_...
l.837 
      ]
File: outputs/figures/40_portfolio_risk_return_comparison.png Graphic file (type png)
<use outputs/figures/40_portfolio_risk_return_comparison.png>
Package pdftex.def Info: outputs/figures/40_portfolio_risk_return_comparison.png  used on input line 846.
(pdftex.def)             Requested size: 422.77664pt x 271.351pt.

Overfull \hbox (13.85718pt too wide) in paragraph at lines 856--867
 [][] 
 []

[26
pdfTeX warning (ext4): destination with the same identifier (name{figure.29}) has been already used, duplicate ignored
<argument> ...shipout:D \box_use:N \l_shipout_box 
                                                  \__shipout_drop_firstpage_...
l.868 
      
pdfTeX warning (ext4): destination with the same identifier (name{figure.30}) has been already used, duplicate ignored
<argument> ...shipout:D \box_use:N \l_shipout_box 
                                                  \__shipout_drop_firstpage_...
l.868 
      ]
File: outputs/figures/31_min_variance_density.png Graphic file (type png)
<use outputs/figures/31_min_variance_density.png>
Package pdftex.def Info: outputs/figures/31_min_variance_density.png  used on input line 897.
(pdftex.def)             Requested size: 375.80544pt x 206.62122pt.

Underfull \vbox (badness 10000) has occurred while \output is active []

 [27
pdfTeX warning (ext4): destination with the same identifier (name{table.11}) has been already used, duplicate ignored
<argument> ...shipout:D \box_use:N \l_shipout_box 
                                                  \__shipout_drop_firstpage_...
l.901 
      
pdfTeX warning (ext4): destination with the same identifier (name{table.12}) has been already used, duplicate ignored
<argument> ...shipout:D \box_use:N \l_shipout_box 
                                                  \__shipout_drop_firstpage_...
l.901 
      ]
File: outputs/figures/32_max_return_density.png Graphic file (type png)
<use outputs/figures/32_max_return_density.png>
Package pdftex.def Info: outputs/figures/32_max_return_density.png  used on input line 904.
(pdftex.def)             Requested size: 375.80544pt x 206.27107pt.
File: outputs/figures/33_dollar_neutral_random_search_density.png Graphic file (type png)
<use outputs/figures/33_dollar_neutral_random_search_density.png>
Package pdftex.def Info: outputs/figures/33_dollar_neutral_random_search_density.png  used on input line 911.
(pdftex.def)             Requested size: 375.80544pt x 206.96599pt.

Underfull \vbox (badness 10000) has occurred while \output is active []

 [28
pdfTeX warning (ext4): destination with the same identifier (name{figure.31}) has been already used, duplicate ignored
<argument> ...shipout:D \box_use:N \l_shipout_box 
                                                  \__shipout_drop_firstpage_...
l.915 
      
pdfTeX warning (ext4): destination with the same identifier (name{figure.32}) has been already used, duplicate ignored
<argument> ...shipout:D \box_use:N \l_shipout_box 
                                                  \__shipout_drop_firstpage_...
l.915 
      ]
File: outputs/figures/34_risk_parity_density.png Graphic file (type png)
<use outputs/figures/34_risk_parity_density.png>
Package pdftex.def Info: outputs/figures/34_risk_parity_density.png  used on input line 918.
(pdftex.def)             Requested size: 375.80544pt x 206.39497pt.
File: outputs/figures/22_max_return_histogram.png Graphic file (type png)
<use outputs/figures/22_max_return_histogram.png>
Package pdftex.def Info: outputs/figures/22_max_return_histogram.png  used on input line 927.
(pdftex.def)             Requested size: 375.80544pt x 206.27107pt.

Underfull \vbox (badness 10000) has occurred while \output is active []

 [29
pdfTeX warning (ext4): destination with the same identifier (name{figure.33}) has been already used, duplicate ignored
<argument> ...shipout:D \box_use:N \l_shipout_box 
                                                  \__shipout_drop_firstpage_...
l.931 
      
pdfTeX warning (ext4): destination with the same identifier (name{figure.34}) has been already used, duplicate ignored
<argument> ...shipout:D \box_use:N \l_shipout_box 
                                                  \__shipout_drop_firstpage_...
l.931 
      ]
File: outputs/figures/23_dollar_neutral_random_search_histogram.png Graphic file (type png)
<use outputs/figures/23_dollar_neutral_random_search_histogram.png>
Package pdftex.def Info: outputs/figures/23_dollar_neutral_random_search_histogram.png  used on input line 934.
(pdftex.def)             Requested size: 375.80544pt x 207.08989pt.
File: outputs/figures/24_risk_parity_histogram.png Graphic file (type png)
<use outputs/figures/24_risk_parity_histogram.png>
Package pdftex.def Info: outputs/figures/24_risk_parity_histogram.png  used on input line 941.
(pdftex.def)             Requested size: 375.80544pt x 206.39497pt.

Underfull \vbox (badness 10000) has occurred while \output is active []

 [30
pdfTeX warning (ext4): destination with the same identifier (name{figure.35}) has been already used, duplicate ignored
<argument> ...shipout:D \box_use:N \l_shipout_box 
                                                  \__shipout_drop_firstpage_...
l.945 
      
pdfTeX warning (ext4): destination with the same identifier (name{figure.36}) has been already used, duplicate ignored
<argument> ...shipout:D \box_use:N \l_shipout_box 
                                                  \__shipout_drop_firstpage_...
l.945 
      ]
File: outputs/figures/25_tangency_histogram.png Graphic file (type png)
<use outputs/figures/25_tangency_histogram.png>
Package pdftex.def Info: outputs/figures/25_tangency_histogram.png  used on input line 948.
(pdftex.def)             Requested size: 375.80544pt x 206.39497pt.
 [31
pdfTeX warning (ext4): destination with the same identifier (name{figure.37}) has been already used, duplicate ignored
<argument> ...shipout:D \box_use:N \l_shipout_box 
                                                  \__shipout_drop_firstpage_...
l.962 \end{equation}
                    
pdfTeX warning (ext4): destination with the same identifier (name{figure.38}) has been already used, duplicate ignored
<argument> ...shipout:D \box_use:N \l_shipout_box 
                                                  \__shipout_drop_firstpage_...
l.962 \end{equation}
                    ] [32] [33] (main.aux)

LaTeX Warning: There were multiply-defined labels.

Package rerunfilecheck Info: File `main.out' has not changed.
(rerunfilecheck)             Checksum: BBD181643AC34C697453F36282C48945;8023.
 )
(\end occurred inside a group at level 1)

### semi simple group (level 1) entered at line 515 (\begingroup)
### bottom level 
Here is how much of TeX's memory you used:
 13769 strings out of 476326
 218793 string characters out of 5787722
 1868660 words of memory out of 5000000
 33822 multiletter control sequences out of 15000+600000
 523025 words of font info for 72 fonts, out of 8000000 for 9000
 1141 hyphenation exceptions out of 8191
 90i,10n,90p,964b,596s stack positions out of 10000i,1000n,20000p,200000b,200000s
 <C:\Users\urosm\AppData\Local\MiKTeX\fonts/pk/ljfour/jknappen/ec/dpi600\tcrm0800.pk> <C:\Users\urosm\AppData\Local\MiKTeX\fonts/pk/ljfour/jknappen/ec/dpi600\tcrm1095.pk><C:/Users/urosm/AppData/Local/Programs/MiKTeX/fonts/type1/public/amsfonts/cm/cmbx10.pfb><C:/Users/urosm/AppData/Local/Programs/MiKTeX/fonts/type1/public/amsfonts/cm/cmbx12.pfb><C:/Users/urosm/AppData/Local/Programs/MiKTeX/fonts/type1/public/amsfonts/cm/cmcsc10.pfb><C:/Users/urosm/AppData/Local/Programs/MiKTeX/fonts/type1/public/amsfonts/cm/cmex10.pfb><C:/Users/urosm/AppData/Local/Programs/MiKTeX/fonts/type1/public/amsfonts/cm/cmmi10.pfb><C:/Users/urosm/AppData/Local/Programs/MiKTeX/fonts/type1/public/amsfonts/cm/cmmi8.pfb><C:/Users/urosm/AppData/Local/Programs/MiKTeX/fonts/type1/public/amsfonts/cm/cmr10.pfb><C:/Users/urosm/AppData/Local/Programs/MiKTeX/fonts/type1/public/amsfonts/cm/cmr8.pfb><C:/Users/urosm/AppData/Local/Programs/MiKTeX/fonts/type1/public/amsfonts/cm/cmsy10.pfb><C:/Users/urosm/AppData/Local/Programs/MiKTeX/fonts/type1/public/amsfonts/cm/cmsy8.pfb><C:/Users/urosm/AppData/Local/Programs/MiKTeX/fonts/type1/public/amsfonts/cm/cmti10.pfb>
Output written on main.pdf (33 pages, 2280405 bytes).
PDF statistics:
 604 PDF objects out of 1000 (max. 8388607)
 170 named destinations out of 1000 (max. 500000)
 424 words of extra memory for PDF output out of 10000 (max. 10000000)

