\BOOKMARK [1][-]{section.0.1}{\376\377\000I\000n\000t\000r\000o\000d\000u\000c\000t\000i\000o\000n}{}% 1
\BOOKMARK [1][-]{section.0.2}{\376\377\000D\000a\000t\000a\000\040\000a\000n\000d\000\040\000P\000r\000e\000p\000r\000o\000c\000e\000s\000s\000i\000n\000g}{}% 2
\BOOKMARK [2][-]{subsection.0.2.1}{\376\377\000A\000s\000s\000e\000t\000\040\000S\000u\000m\000m\000a\000r\000y\000\040\000S\000t\000a\000t\000i\000s\000t\000i\000c\000s}{section.0.2}% 3
\BOOKMARK [2][-]{subsection.0.2.2}{\376\377\000C\000o\000r\000r\000e\000l\000a\000t\000i\000o\000n\000\040\000S\000t\000r\000u\000c\000t\000u\000r\000e}{section.0.2}% 4
\BOOKMARK [2][-]{subsection.0.2.3}{\376\377\000C\000o\000v\000a\000r\000i\000a\000n\000c\000e\000\040\000S\000t\000r\000u\000c\000t\000u\000r\000e}{section.0.2}% 5
\BOOKMARK [1][-]{section.0.3}{\376\377\000P\000o\000r\000t\000f\000o\000l\000i\000o\000\040\000T\000h\000e\000o\000r\000y\000\040\000a\000n\000d\000\040\000O\000p\000t\000i\000m\000i\000z\000a\000t\000i\000o\000n\000\040\000F\000r\000a\000m\000e\000w\000o\000r\000k}{}% 6
\BOOKMARK [2][-]{subsection.0.3.1}{\376\377\000P\000o\000r\000t\000f\000o\000l\000i\000o\000\040\000R\000e\000t\000u\000r\000n\000\040\000a\000n\000d\000\040\000R\000i\000s\000k}{section.0.3}% 7
\BOOKMARK [2][-]{subsection.0.3.2}{\376\377\000M\000i\000n\000i\000m\000u\000m\000-\000V\000a\000r\000i\000a\000n\000c\000e\000\040\000P\000o\000r\000t\000f\000o\000l\000i\000o}{section.0.3}% 8
\BOOKMARK [2][-]{subsection.0.3.3}{\376\377\000M\000a\000x\000i\000m\000u\000m\000-\000R\000e\000t\000u\000r\000n\000\040\000P\000o\000r\000t\000f\000o\000l\000i\000o\000\040\000w\000i\000t\000h\000\040\000B\000o\000x\000\040\000C\000o\000n\000s\000t\000r\000a\000i\000n\000t\000s}{section.0.3}% 9
\BOOKMARK [2][-]{subsection.0.3.4}{\376\377\000D\000o\000l\000l\000a\000r\000-\000N\000e\000u\000t\000r\000a\000l\000\040\000P\000o\000r\000t\000f\000o\000l\000i\000o}{section.0.3}% 10
\BOOKMARK [2][-]{subsection.0.3.5}{\376\377\000R\000i\000s\000k\000-\000P\000a\000r\000i\000t\000y\000\040\000P\000o\000r\000t\000f\000o\000l\000i\000o}{section.0.3}% 11
\BOOKMARK [2][-]{subsection.0.3.6}{\376\377\000T\000a\000n\000g\000e\000n\000c\000y\000\040\000P\000o\000r\000t\000f\000o\000l\000i\000o}{section.0.3}% 12
\BOOKMARK [1][-]{section.0.4}{\376\377\000E\000f\000f\000i\000c\000i\000e\000n\000t\000\040\000F\000r\000o\000n\000t\000i\000e\000r\000\040\000a\000n\000d\000\040\000S\000h\000a\000r\000p\000e\000\040\000R\000a\000t\000i\000o\000\040\000G\000e\000o\000m\000e\000t\000r\000y}{}% 13
\BOOKMARK [1][-]{section.0.5}{\376\377\000U\000t\000i\000l\000i\000t\000y\000\040\000M\000a\000x\000i\000m\000i\000z\000a\000t\000i\000o\000n\000\040\000a\000n\000d\000\040\000I\000n\000d\000i\000f\000f\000e\000r\000e\000n\000c\000e\000\040\000C\000u\000r\000v\000e\000s}{}% 14
\BOOKMARK [1][-]{section.0.6}{\376\377\000P\000o\000r\000t\000f\000o\000l\000i\000o\000\040\000R\000e\000s\000u\000l\000t\000s}{}% 15
\BOOKMARK [2][-]{subsection.0.6.1}{\376\377\000P\000o\000r\000t\000f\000o\000l\000i\000o\000\040\000W\000e\000i\000g\000h\000t\000\040\000A\000l\000l\000o\000c\000a\000t\000i\000o\000n\000s}{section.0.6}% 16
\BOOKMARK [2][-]{subsection.0.6.2}{\376\377\000P\000o\000r\000t\000f\000o\000l\000i\000o\000\040\000S\000u\000m\000m\000a\000r\000y\000\040\000S\000t\000a\000t\000i\000s\000t\000i\000c\000s}{section.0.6}% 17
\BOOKMARK [1][-]{section.0.7}{\376\377\000R\000e\000t\000u\000r\000n\000\040\000D\000i\000s\000t\000r\000i\000b\000u\000t\000i\000o\000n\000s}{}% 18
\BOOKMARK [1][-]{section.0.8}{\376\377\000E\000x\000a\000c\000t\000\040\000T\000a\000n\000g\000e\000n\000c\000y\000\040\000P\000o\000i\000n\000t\000\040\000a\000n\000d\000\040\000U\000t\000i\000l\000i\000t\000y\000-\000B\000a\000s\000e\000d\000\040\000C\000h\000o\000i\000c\000e}{}% 19
\BOOKMARK [1][-]{section.0.9}{\376\377\000C\000A\000P\000M\000\040\000I\000n\000t\000e\000r\000p\000r\000e\000t\000a\000t\000i\000o\000n}{}% 20
\BOOKMARK [1][-]{section.0.10}{\376\377\000I\000n\000t\000r\000o\000d\000u\000c\000t\000i\000o\000n}{}% 21
\BOOKMARK [1][-]{section.0.11}{\376\377\000D\000a\000t\000a\000\040\000a\000n\000d\000\040\000P\000r\000e\000p\000r\000o\000c\000e\000s\000s\000i\000n\000g}{}% 22
\BOOKMARK [2][-]{subsection.0.11.1}{\376\377\000A\000s\000s\000e\000t\000\040\000S\000u\000m\000m\000a\000r\000y\000\040\000S\000t\000a\000t\000i\000s\000t\000i\000c\000s}{section.0.11}% 23
\BOOKMARK [2][-]{subsection.0.11.2}{\376\377\000C\000o\000r\000r\000e\000l\000a\000t\000i\000o\000n\000\040\000S\000t\000r\000u\000c\000t\000u\000r\000e}{section.0.11}% 24
\BOOKMARK [2][-]{subsection.0.11.3}{\376\377\000C\000o\000v\000a\000r\000i\000a\000n\000c\000e\000\040\000S\000t\000r\000u\000c\000t\000u\000r\000e}{section.0.11}% 25
\BOOKMARK [1][-]{section.0.12}{\376\377\000P\000o\000r\000t\000f\000o\000l\000i\000o\000\040\000T\000h\000e\000o\000r\000y\000\040\000a\000n\000d\000\040\000O\000p\000t\000i\000m\000i\000z\000a\000t\000i\000o\000n\000\040\000F\000r\000a\000m\000e\000w\000o\000r\000k}{}% 26
\BOOKMARK [2][-]{subsection.0.12.1}{\376\377\000P\000o\000r\000t\000f\000o\000l\000i\000o\000\040\000R\000e\000t\000u\000r\000n\000\040\000a\000n\000d\000\040\000R\000i\000s\000k}{section.0.12}% 27
\BOOKMARK [2][-]{subsection.0.12.2}{\376\377\000M\000i\000n\000i\000m\000u\000m\000-\000V\000a\000r\000i\000a\000n\000c\000e\000\040\000P\000o\000r\000t\000f\000o\000l\000i\000o}{section.0.12}% 28
\BOOKMARK [2][-]{subsection.0.12.3}{\376\377\000M\000a\000x\000i\000m\000u\000m\000-\000R\000e\000t\000u\000r\000n\000\040\000P\000o\000r\000t\000f\000o\000l\000i\000o\000\040\000w\000i\000t\000h\000\040\000B\000o\000x\000\040\000C\000o\000n\000s\000t\000r\000a\000i\000n\000t\000s}{section.0.12}% 29
\BOOKMARK [2][-]{subsection.0.12.4}{\376\377\000D\000o\000l\000l\000a\000r\000-\000N\000e\000u\000t\000r\000a\000l\000\040\000P\000o\000r\000t\000f\000o\000l\000i\000o}{section.0.12}% 30
\BOOKMARK [2][-]{subsection.0.12.5}{\376\377\000R\000i\000s\000k\000-\000P\000a\000r\000i\000t\000y\000\040\000P\000o\000r\000t\000f\000o\000l\000i\000o}{section.0.12}% 31
\BOOKMARK [2][-]{subsection.0.12.6}{\376\377\000T\000a\000n\000g\000e\000n\000c\000y\000\040\000P\000o\000r\000t\000f\000o\000l\000i\000o}{section.0.12}% 32
\BOOKMARK [1][-]{section.0.13}{\376\377\000E\000f\000f\000i\000c\000i\000e\000n\000t\000\040\000F\000r\000o\000n\000t\000i\000e\000r\000\040\000a\000n\000d\000\040\000S\000h\000a\000r\000p\000e\000\040\000R\000a\000t\000i\000o\000\040\000G\000e\000o\000m\000e\000t\000r\000y}{}% 33
\BOOKMARK [1][-]{section.0.14}{\376\377\000U\000t\000i\000l\000i\000t\000y\000\040\000M\000a\000x\000i\000m\000i\000z\000a\000t\000i\000o\000n\000\040\000a\000n\000d\000\040\000I\000n\000d\000i\000f\000f\000e\000r\000e\000n\000c\000e\000\040\000C\000u\000r\000v\000e\000s}{}% 34
\BOOKMARK [1][-]{section.0.15}{\376\377\000P\000o\000r\000t\000f\000o\000l\000i\000o\000\040\000R\000e\000s\000u\000l\000t\000s}{}% 35
\BOOKMARK [2][-]{subsection.0.15.1}{\376\377\000P\000o\000r\000t\000f\000o\000l\000i\000o\000\040\000W\000e\000i\000g\000h\000t\000\040\000A\000l\000l\000o\000c\000a\000t\000i\000o\000n\000s}{section.0.15}% 36
\BOOKMARK [2][-]{subsection.0.15.2}{\376\377\000P\000o\000r\000t\000f\000o\000l\000i\000o\000\040\000S\000u\000m\000m\000a\000r\000y\000\040\000S\000t\000a\000t\000i\000s\000t\000i\000c\000s}{section.0.15}% 37
\BOOKMARK [1][-]{section.0.16}{\376\377\000R\000e\000t\000u\000r\000n\000\040\000D\000i\000s\000t\000r\000i\000b\000u\000t\000i\000o\000n\000s}{}% 38
\BOOKMARK [1][-]{section.0.17}{\376\377\000E\000x\000a\000c\000t\000\040\000T\000a\000n\000g\000e\000n\000c\000y\000\040\000P\000o\000i\000n\000t\000\040\000a\000n\000d\000\040\000U\000t\000i\000l\000i\000t\000y\000-\000B\000a\000s\000e\000d\000\040\000C\000h\000o\000i\000c\000e}{}% 39
\BOOKMARK [1][-]{section.0.18}{\376\377\000C\000A\000P\000M\000\040\000I\000n\000t\000e\000r\000p\000r\000e\000t\000a\000t\000i\000o\000n}{}% 40
\BOOKMARK [1][-]{section.0.19}{\376\377\000C\000o\000n\000c\000l\000u\000s\000i\000o\000n}{}% 41
